<?xml version="1.0" encoding="UTF-8"?>
<testsuite xmlns:xsi="http://www.w3.org/2001/XMLSchema-instance" xsi:noNamespaceSchemaLocation="https://maven.apache.org/surefire/maven-surefire-plugin/xsd/surefire-test-report.xsd" name="TestSuite" time="32.032" tests="9" errors="0" skipped="0" failures="1">
  <properties>
[...]
</properties>
  <testcase name="getAllUserDetails" classname="com.qa.gorest.tests.GetUserDetails" time="3.75"/>
  <testcase name="getUserDetail" classname="com.qa.gorest.tests.GetUserDetails" time="2.156">
    <failure message="1 expectation failed.&#10;JSON path status doesn&apos;t match.&#10;Expected: is &quot;INACTIVE&quot;&#10;  Actual: active&#10;" type="java.lang.AssertionError">java.lang.AssertionError: 
1 expectation failed.
JSON path status doesn't match.
Expected: is "INACTIVE"
  Actual: active

	at com.qa.gorest.tests.GetUserDetails.getUserDetail(GetUserDetails.java:36)
</failure>
    <system-out><![CDATA[getAllUserDetails passed!
getUserDetail started!
Request method:	GET
Request URI:	https://gorest.co.in/public/v2/users/5213502
Proxy:			<none>
Request params:	<none>
Query params:	<none>
Form params:	<none>
Path params:	<none>
Headers:		Authorization=Bearer 75032138de6888cbc60346234c19858fd981eb2110ff98b14efaee7c7cff6fc6
				Accept=*/*
Cookies:		<none>
Multiparts:		<none>
Body:			<none>
HTTP/1.1 200 OK
Date: Sun, 01 Oct 2023 02:32:05 GMT
Content-Type: application/json; charset=utf-8
Transfer-Encoding: chunked
Connection: keep-alive
Cache-Control: max-age=0, private, must-revalidate
etag: W/"e185e7ec94c55eaab26bc63f37524c97"
referrer-policy: strict-origin-when-cross-origin
vary: Origin
x-content-type-options: nosniff
x-download-options: noopen
x-frame-options: SAMEORIGIN
x-permitted-cross-domain-policies: none
x-ratelimit-limit: 90
x-ratelimit-remaining: 89
x-ratelimit-reset: 1
x-request-id: 8d4cce13-9581-4af2-9dc9-7696d1bed0e8
x-runtime: 0.086314
x-xss-protection: 0
CF-Cache-Status: DYNAMIC
Report-To: {"endpoints":[{"url":"https:\/\/a.nel.cloudflare.com\/report\/v3?s=N2fcKNUNa8DgZODQPgUTL8iO5uOmjZFaUDZxlNU3bQdQ7eW7NrQLyTYLcMuTLulXSMNBIl8wXHDuTnwh5FU0QU%2BHZZ8GMh1v3jIGyr34JAkSdiZbRjX8xx81pMOqLZA%3D"}],"group":"cf-nel","max_age":604800}
NEL: {"success_fraction":0,"report_to":"cf-nel","max_age":604800}
Server: cloudflare
CF-RAY: 80f14b0b784d0b61-OSL
Content-Encoding: gzip
alt-svc: h3=":443"; ma=86400

{
    "id": 5213502,
    "name": "Chandravati Varrier",
    "email": "chandravati_varrier@muller.test",
    "gender": "male",
    "status": "active"
}
]]></system-out>
  </testcase>
  <testcase name="getUserDetailWithQueryParam" classname="com.qa.gorest.tests.GetUserDetails" time="2.906"/>
  <testcase name="createUserTestUsingExcel" classname="com.qa.gorest.tests.CreateUser" time="5.297"/>
  <testcase name="createUserTestUsingExcel" classname="com.qa.gorest.tests.CreateUser" time="2.907"/>
  <testcase name="createUserTestUsingExcel" classname="com.qa.gorest.tests.CreateUser" time="4.937"/>
  <testcase name="circuitDetailsTest" classname="com.qa.gorest.tests.GetCircuitDetails" time="2.5"/>
  <testcase name="circuitDetailsTestJsonPath" classname="com.qa.gorest.tests.GetCircuitDetails" time="0.516"/>
  <testcase name="getFlightDetails" classname="com.qa.gorest.tests.GetFlightDetails" time="2.688"/>
</testsuite>