<?xml version="1.0" encoding="UTF-8"?>
<!-- Generated by org.testng.reporters.JUnitXMLReporter -->
<testsuite hostname="DESKTOP-QT2S8L5" ignored="0" name="Circuit API Test" tests="2" failures="0" timestamp="2023-10-01T08:02:41 IST" time="3.016" errors="0">
  <testcase name="circuitDetailsTest" time="1.703" classname="com.qa.gorest.tests.GetCircuitDetails"/>
  <testcase name="circuitDetailsTestJsonPath" time="1.281" classname="com.qa.gorest.tests.GetCircuitDetails"/>
</testsuite> <!-- Circuit API Test -->
