<?xml version="1.0" encoding="UTF-8"?>
<!-- Generated by org.testng.reporters.JUnitXMLReporter -->
<testsuite hostname="DESKTOP-QT2S8L5" ignored="1" name="Go Rest API Test CreateUser" tests="3" failures="0" timestamp="2023-10-01T08:02:38 IST" time="13.484" errors="0">
  <testcase name="createUserTestUsingExcel" time="5.204" classname="com.qa.gorest.tests.CreateUser"/>
  <testcase name="createUserTestUsingExcel" time="2.843" classname="com.qa.gorest.tests.CreateUser"/>
  <testcase name="createUserTestUsingExcel" time="4.953" classname="com.qa.gorest.tests.CreateUser"/>
  <testcase name="createUserTest" time="0.0" classname="com.qa.gorest.tests.CreateUser">
    <ignored/>
  </testcase> <!-- createUserTest -->
</testsuite> <!-- Go Rest API Test CreateUser -->
